app.js:10 DOM prêt, démarrage de l'initialisation de l'application.
app.js:14 Étape 1/4 : Tous les composants HTML sont chargés.
dom-loader.js:102 Object
app.js:18 Étape 2/4 : Références DOM collectées.
app.js:22 Étape 3/4 : Écouteurs d'événements globaux attachés.
index.js:14 Module Carrousel: Initialisation...
group-allocator.js:14 Initialisation du module d'allocation de groupes.
app.js:27 Étape 4/4 : Module Carrousel initialisé. Application en attente de l'utilisateur.
index.js:34 Module Carrousel: Prêt.
index.js:41 State Change: Scénario -> 2 (Stabilité Géopolitique)
index.js:46 State Change: Directive -> null
index.js:46 State Change: Directive -> 3
event-listeners.js:17 Lancement de la simulation...
index.js:97 Séquence de transition démarrée...
index.js:102 Séquence de transition terminée.
index.js:10 Initialisation du module Main Interface.
index.js:11 Initialisation du module Simulateur.
inputs.js:4 Construction des inputs du simulateur
inputs.js:11 Configuration de la synchronisation des inputs
index.js:59 UI Controller: Lancement de la simulation et mise à jour des graphiques.
index.js:12 Moteur de simulation: Démarrage pour le scénario: 2
index.js:52 Simulation UE - Scénario: 2
index.js:216 Simulation politique - Scénario: 2
index.js:316 Simulation lobbies - Scénario: 2
index.js:31 Moteur de simulation: Calculs terminés.
index.js:153 Simulation pays: Allemagne - Scénario: 2
index.js:79 UI Controller: Mise à jour des graphiques terminée.
tabs-router.js:4 Changement d'onglet: simulator-tab
event-listeners.js:32 Interface principale initialisée.
event-listeners.js:75 Tableau de bord: ouverture
event-listeners.js:157 Conteneur du dashboard '#clonedDashboardCharts' introuvable.
cloneCharts @ event-listeners.js:157
:63342/ue-simu/scrip…hboard/index.js:268 Uncaught (in promise) SyntaxError: Duplicate export of 'setupDashboardEvents'
event-listeners.js:75 Tableau de bord: fermeture
index.js:59 UI Controller: Lancement de la simulation et mise à jour des graphiques.
index.js:12 Moteur de simulation: Démarrage pour le scénario: 2
index.js:52 Simulation UE - Scénario: 2
index.js:216 Simulation politique - Scénario: 2
index.js:316 Simulation lobbies - Scénario: 2
index.js:31 Moteur de simulation: Calculs terminés.
index.js:153 Simulation pays: Italie - Scénario: 2
index.js:79 UI Controller: Mise à jour des graphiques terminée.
index.js:59 UI Controller: Lancement de la simulation et mise à jour des graphiques.
index.js:12 Moteur de simulation: Démarrage pour le scénario: 2
index.js:52 Simulation UE - Scénario: 2
index.js:216 Simulation politique - Scénario: 2
index.js:316 Simulation lobbies - Scénario: 2
index.js:31 Moteur de simulation: Calculs terminés.
index.js:153 Simulation pays: Pologne - Scénario: 2
index.js:79 UI Controller: Mise à jour des graphiques terminée.
index.js:59 UI Controller: Lancement de la simulation et mise à jour des graphiques.
index.js:12 Moteur de simulation: Démarrage pour le scénario: 2
index.js:52 Simulation UE - Scénario: 2
index.js:216 Simulation politique - Scénario: 2
index.js:316 Simulation lobbies - Scénario: 2
index.js:31 Moteur de simulation: Calculs terminés.
index.js:153 Simulation pays: Suède - Scénario: 2
index.js:79 UI Controller: Mise à jour des graphiques terminée.
index.js:59 UI Controller: Lancement de la simulation et mise à jour des graphiques.
index.js:12 Moteur de simulation: Démarrage pour le scénario: 2
index.js:52 Simulation UE - Scénario: 2
index.js:216 Simulation politique - Scénario: 2
index.js:316 Simulation lobbies - Scénario: 2
index.js:31 Moteur de simulation: Calculs terminés.
index.js:153 Simulation pays: France - Scénario: 2
index.js:79 UI Controller: Mise à jour des graphiques terminée.
event-listeners.js:75 Tableau de bord: ouverture
event-listeners.js:157 Conteneur du dashboard '#clonedDashboardCharts' introuvable.
cloneCharts @ event-listeners.js:157
:63342/ue-simu/scrip…hboard/index.js:268 Uncaught (in promise) SyntaxError: Duplicate export of 'setupDashboardEvents'
